# JRE version: OpenJDK Runtime Environment (8.0_202) (build 1.8.0_202-release-1483-b49-5587405)
# Java VM: OpenJDK 64-Bit Server VM (25.202-b49-5587405 mixed mode linux-amd64 compressed oops)
Heap:
 PSYoungGen      total 398848K, used 15498K [0x00000000e0000000, 0x0000000100000000, 0x0000000100000000)
  eden space 273408K, 5% used [0x00000000e0000000,0x00000000e0f22b50,0x00000000f0b00000)
  from space 125440K, 0% used [0x00000000f0b00000,0x00000000f0b00000,0x00000000f8580000)
  to   space 125440K, 0% used [0x00000000f8580000,0x00000000f8580000,0x0000000100000000)
 ParOldGen       total 515072K, used 202175K [0x00000000a0000000, 0x00000000bf700000, 0x00000000e0000000)
  object space 515072K, 39% used [0x00000000a0000000,0x00000000ac56fc40,0x00000000bf700000)
 Metaspace       used 114471K, capacity 119636K, committed 127448K, reserved 1159168K
  class space    used 14169K, capacity 15147K, committed 16896K, reserved 1048576K
GC Heap History (10 events):
Event: 5763.832 GC heap before
{Heap before GC invocations=51 (full 7):
 PSYoungGen      total 409600K, used 409583K [0x00000000e0000000, 0x0000000100000000, 0x0000000100000000)
  eden space 311808K, 100% used [0x00000000e0000000,0x00000000f3080000,0x00000000f3080000)
  from space 97792K, 99% used [0x00000000f3080000,0x00000000f8ffbed8,0x00000000f9000000)
  to   space 114688K, 0% used [0x00000000f9000000,0x00000000f9000000,0x0000000100000000)
 ParOldGen       total 390656K, used 134493K [0x00000000a0000000, 0x00000000b7d80000, 0x00000000e0000000)
  object space 390656K, 34% used [0x00000000a0000000,0x00000000a8357580,0x00000000b7d80000)
 Metaspace       used 124261K, capacity 129352K, committed 129880K, reserved 1163264K
  class space    used 15285K, capacity 16261K, committed 16768K, reserved 1048576K
Event: 5763.939 GC heap after
Heap after GC invocations=51 (full 7):
 PSYoungGen      total 400384K, used 32024K [0x00000000e0000000, 0x0000000100000000, 0x0000000100000000)
  eden space 285696K, 0% used [0x00000000e0000000,0x00000000e0000000,0x00000000f1700000)
  from space 114688K, 27% used [0x00000000f9000000,0x00000000faf46118,0x0000000100000000)
  to   space 119296K, 0% used [0x00000000f1700000,0x00000000f1700000,0x00000000f8b80000)
 ParOldGen       total 390656K, used 199055K [0x00000000a0000000, 0x00000000b7d80000, 0x00000000e0000000)
  object space 390656K, 50% used [0x00000000a0000000,0x00000000ac263f38,0x00000000b7d80000)
 Metaspace       used 124261K, capacity 129352K, committed 129880K, reserved 1163264K
  class space    used 15285K, capacity 16261K, committed 16768K, reserved 1048576K
}
Event: 5765.242 GC heap before
{Heap before GC invocations=52 (full 7):
 PSYoungGen      total 400384K, used 317720K [0x00000000e0000000, 0x0000000100000000, 0x0000000100000000)
  eden space 285696K, 100% used [0x00000000e0000000,0x00000000f1700000,0x00000000f1700000)
  from space 114688K, 27% used [0x00000000f9000000,0x00000000faf46118,0x0000000100000000)
  to   space 119296K, 0% used [0x00000000f1700000,0x00000000f1700000,0x00000000f8b80000)
 ParOldGen       total 390656K, used 199055K [0x00000000a0000000, 0x00000000b7d80000, 0x00000000e0000000)
  object space 390656K, 50% used [0x00000000a0000000,0x00000000ac263f38,0x00000000b7d80000)
 Metaspace       used 124298K, capacity 129400K, committed 130136K, reserved 1163264K
  class space    used 15289K, capacity 16269K, committed 16768K, reserved 1048576K
Event: 5765.279 GC heap after
Heap after GC invocations=52 (full 7):
 PSYoungGen      total 404992K, used 4146K [0x00000000e0000000, 0x0000000100000000, 0x0000000100000000)
  eden space 285696K, 0% used [0x00000000e0000000,0x00000000e0000000,0x00000000f1700000)
  from space 119296K, 3% used [0x00000000f1700000,0x00000000f1b0cba0,0x00000000f8b80000)
  to   space 117760K, 0% used [0x00000000f8d00000,0x00000000f8d00000,0x0000000100000000)
 ParOldGen       total 390656K, used 228696K [0x00000000a0000000, 0x00000000b7d80000, 0x00000000e0000000)
  object space 390656K, 58% used [0x00000000a0000000,0x00000000adf56268,0x00000000b7d80000)
 Metaspace       used 124298K, capacity 129400K, committed 130136K, reserved 1163264K
  class space    used 15289K, capacity 16269K, committed 16768K, reserved 1048576K
}
Event: 5766.291 GC heap before
{Heap before GC invocations=53 (full 7):
 PSYoungGen      total 404992K, used 289803K [0x00000000e0000000, 0x0000000100000000, 0x0000000100000000)
  eden space 285696K, 99% used [0x00000000e0000000,0x00000000f16f61e8,0x00000000f1700000)
  from space 119296K, 3% used [0x00000000f1700000,0x00000000f1b0cba0,0x00000000f8b80000)
  to   space 117760K, 0% used [0x00000000f8d00000,0x00000000f8d00000,0x0000000100000000)
 ParOldGen       total 390656K, used 228696K [0x00000000a0000000, 0x00000000b7d80000, 0x00000000e0000000)
  object space 390656K, 58% used [0x00000000a0000000,0x00000000adf56268,0x00000000b7d80000)
 Metaspace       used 124377K, capacity 129506K, committed 130136K, reserved 1163264K
  class space    used 15298K, capacity 16286K, committed 16768K, reserved 1048576K
Event: 5766.394 GC heap after
Heap after GC invocations=53 (full 7):
 PSYoungGen      total 391168K, used 80242K [0x00000000e0000000, 0x0000000100000000, 0x0000000100000000)
  eden space 273408K, 0% used [0x00000000e0000000,0x00000000e0000000,0x00000000f0b00000)
  from space 117760K, 68% used [0x00000000f8d00000,0x00000000fdb5c8c0,0x0000000100000000)
  to   space 125440K, 0% used [0x00000000f0b00000,0x00000000f0b00000,0x00000000f8580000)
 ParOldGen       total 390656K, used 230882K [0x00000000a0000000, 0x00000000b7d80000, 0x00000000e0000000)
  object space 390656K, 59% used [0x00000000a0000000,0x00000000ae178808,0x00000000b7d80000)
 Metaspace       used 124377K, capacity 129506K, committed 130136K, reserved 1163264K
  class space    used 15298K, capacity 16286K, committed 16768K, reserved 1048576K
}
Event: 5767.361 GC heap before
{Heap before GC invocations=54 (full 7):
 PSYoungGen      total 391168K, used 353650K [0x00000000e0000000, 0x0000000100000000, 0x0000000100000000)
  eden space 273408K, 100% used [0x00000000e0000000,0x00000000f0b00000,0x00000000f0b00000)
  from space 117760K, 68% used [0x00000000f8d00000,0x00000000fdb5c8c0,0x0000000100000000)
  to   space 125440K, 0% used [0x00000000f0b00000,0x00000000f0b00000,0x00000000f8580000)
 ParOldGen       total 390656K, used 230882K [0x00000000a0000000, 0x00000000b7d80000, 0x00000000e0000000)
  object space 390656K, 59% used [0x00000000a0000000,0x00000000ae178808,0x00000000b7d80000)
 Metaspace       used 125635K, capacity 130892K, committed 131544K, reserved 1163264K
  class space    used 15408K, capacity 16411K, committed 16896K, reserved 1048576K
Event: 5767.490 GC heap after
Heap after GC invocations=54 (full 7):
 PSYoungGen      total 398848K, used 63948K [0x00000000e0000000, 0x0000000100000000, 0x0000000100000000)
  eden space 273408K, 0% used [0x00000000e0000000,0x00000000e0000000,0x00000000f0b00000)
  from space 125440K, 50% used [0x00000000f0b00000,0x00000000f49731c8,0x00000000f8580000)
  to   space 125440K, 0% used [0x00000000f8580000,0x00000000f8580000,0x0000000100000000)
 ParOldGen       total 390656K, used 307090K [0x00000000a0000000, 0x00000000b7d80000, 0x00000000e0000000)
  object space 390656K, 78% used [0x00000000a0000000,0x00000000b2be4a28,0x00000000b7d80000)
 Metaspace       used 125635K, capacity 130892K, committed 131544K, reserved 1163264K
  class space    used 15408K, capacity 16411K, committed 16896K, reserved 1048576K
}
Event: 5767.490 GC heap before
{Heap before GC invocations=55 (full 8):
 PSYoungGen      total 398848K, used 63948K [0x00000000e0000000, 0x0000000100000000, 0x0000000100000000)
  eden space 273408K, 0% used [0x00000000e0000000,0x00000000e0000000,0x00000000f0b00000)
  from space 125440K, 50% used [0x00000000f0b00000,0x00000000f49731c8,0x00000000f8580000)
  to   space 125440K, 0% used [0x00000000f8580000,0x00000000f8580000,0x0000000100000000)
 ParOldGen       total 390656K, used 307090K [0x00000000a0000000, 0x00000000b7d80000, 0x00000000e0000000)
  object space 390656K, 78% used [0x00000000a0000000,0x00000000b2be4a28,0x00000000b7d80000)
 Metaspace       used 125635K, capacity 130892K, committed 131544K, reserved 1163264K
  class space    used 15408K, capacity 16411K, committed 16896K, reserved 1048576K
Event: 5768.431 GC heap after
Heap after GC invocations=55 (full 8):
 PSYoungGen      total 398848K, used 0K [0x00000000e0000000, 0x0000000100000000, 0x0000000100000000)
  eden space 273408K, 0% used [0x00000000e0000000,0x00000000e0000000,0x00000000f0b00000)
  from space 125440K, 0% used [0x00000000f0b00000,0x00000000f0b00000,0x00000000f8580000)
  to   space 125440K, 0% used [0x00000000f8580000,0x00000000f8580000,0x0000000100000000)
 ParOldGen       total 515072K, used 202175K [0x00000000a0000000, 0x00000000bf700000, 0x00000000e0000000)
  object space 515072K, 39% used [0x00000000a0000000,0x00000000ac56fc40,0x00000000bf700000)
 Metaspace       used 114319K, capacity 119476K, committed 127448K, reserved 1159168K
  class space    used 14146K, capacity 15115K, committed 16896K, reserved 1048576K
}

